# JRE version: OpenJDK Runtime Environment (8.0_202-b03) (build 1.8.0_202-release-1483-b03)
# Java VM: OpenJDK 64-Bit Server VM (25.202-b03 mixed mode windows-amd64 compressed oops)
Heap:
 PSYoungGen      total 102912K, used 85567K [0x00000000e0000000, 0x00000000e8d80000, 0x0000000100000000)
  eden space 95744K, 82% used [0x00000000e0000000,0x00000000e4cd9a38,0x00000000e5d80000)
  from space 7168K, 95% used [0x00000000e8680000,0x00000000e8d363f8,0x00000000e8d80000)
  to   space 10240K, 0% used [0x00000000e7980000,0x00000000e7980000,0x00000000e8380000)
 ParOldGen       total 62464K, used 9236K [0x00000000a0000000, 0x00000000a3d00000, 0x00000000e0000000)
  object space 62464K, 14% used [0x00000000a0000000,0x00000000a0905048,0x00000000a3d00000)
 Metaspace       used 30643K, capacity 31006K, committed 31104K, reserved 1075200K
  class space    used 4259K, capacity 4430K, committed 4480K, reserved 1048576K
GC Heap History (10 events):
Event: 4.006 GC heap before
{Heap before GC invocations=3 (full 0):
 PSYoungGen      total 36864K, used 36307K [0x00000000e0000000, 0x00000000e4800000, 0x0000000100000000)
  eden space 31744K, 100% used [0x00000000e0000000,0x00000000e1f00000,0x00000000e1f00000)
  from space 5120K, 89% used [0x00000000e2400000,0x00000000e2874d50,0x00000000e2900000)
  to   space 5120K, 0% used [0x00000000e1f00000,0x00000000e1f00000,0x00000000e2400000)
 ParOldGen       total 84992K, used 16K [0x00000000a0000000, 0x00000000a5300000, 0x00000000e0000000)
  object space 84992K, 0% used [0x00000000a0000000,0x00000000a0004000,0x00000000a5300000)
 Metaspace       used 13458K, capacity 13760K, committed 13824K, reserved 1060864K
  class space    used 1878K, capacity 2020K, committed 2048K, reserved 1048576K
Event: 4.015 GC heap after
Heap after GC invocations=3 (full 0):
 PSYoungGen      total 36864K, used 5097K [0x00000000e0000000, 0x00000000e4800000, 0x0000000100000000)
  eden space 31744K, 0% used [0x00000000e0000000,0x00000000e0000000,0x00000000e1f00000)
  from space 5120K, 99% used [0x00000000e1f00000,0x00000000e23fa660,0x00000000e2400000)
  to   space 5120K, 0% used [0x00000000e4300000,0x00000000e4300000,0x00000000e4800000)
 ParOldGen       total 84992K, used 2033K [0x00000000a0000000, 0x00000000a5300000, 0x00000000e0000000)
  object space 84992K, 2% used [0x00000000a0000000,0x00000000a01fc620,0x00000000a5300000)
 Metaspace       used 13458K, capacity 13760K, committed 13824K, reserved 1060864K
  class space    used 1878K, capacity 2020K, committed 2048K, reserved 1048576K
}
Event: 5.250 GC heap before
{Heap before GC invocations=4 (full 0):
 PSYoungGen      total 36864K, used 36841K [0x00000000e0000000, 0x00000000e4800000, 0x0000000100000000)
  eden space 31744K, 100% used [0x00000000e0000000,0x00000000e1f00000,0x00000000e1f00000)
  from space 5120K, 99% used [0x00000000e1f00000,0x00000000e23fa660,0x00000000e2400000)
  to   space 5120K, 0% used [0x00000000e4300000,0x00000000e4300000,0x00000000e4800000)
 ParOldGen       total 84992K, used 2033K [0x00000000a0000000, 0x00000000a5300000, 0x00000000e0000000)
  object space 84992K, 2% used [0x00000000a0000000,0x00000000a01fc620,0x00000000a5300000)
 Metaspace       used 16235K, capacity 16686K, committed 16896K, reserved 1062912K
  class space    used 2324K, capacity 2509K, committed 2560K, reserved 1048576K
Event: 5.289 GC heap after
Heap after GC invocations=4 (full 0):
 PSYoungGen      total 68608K, used 5104K [0x00000000e0000000, 0x00000000e4800000, 0x0000000100000000)
  eden space 63488K, 0% used [0x00000000e0000000,0x00000000e0000000,0x00000000e3e00000)
  from space 5120K, 99% used [0x00000000e4300000,0x00000000e47fc030,0x00000000e4800000)
  to   space 5120K, 0% used [0x00000000e3e00000,0x00000000e3e00000,0x00000000e4300000)
 ParOldGen       total 84992K, used 4903K [0x00000000a0000000, 0x00000000a5300000, 0x00000000e0000000)
  object space 84992K, 5% used [0x00000000a0000000,0x00000000a04c9f80,0x00000000a5300000)
 Metaspace       used 16235K, capacity 16686K, committed 16896K, reserved 1062912K
  class space    used 2324K, capacity 2509K, committed 2560K, reserved 1048576K
}
Event: 9.291 GC heap before
{Heap before GC invocations=5 (full 0):
 PSYoungGen      total 68608K, used 36872K [0x00000000e0000000, 0x00000000e4800000, 0x0000000100000000)
  eden space 63488K, 50% used [0x00000000e0000000,0x00000000e1f06128,0x00000000e3e00000)
  from space 5120K, 99% used [0x00000000e4300000,0x00000000e47fc030,0x00000000e4800000)
  to   space 5120K, 0% used [0x00000000e3e00000,0x00000000e3e00000,0x00000000e4300000)
 ParOldGen       total 84992K, used 4903K [0x00000000a0000000, 0x00000000a5300000, 0x00000000e0000000)
  object space 84992K, 5% used [0x00000000a0000000,0x00000000a04c9f80,0x00000000a5300000)
 Metaspace       used 20866K, capacity 21176K, committed 21248K, reserved 1067008K
  class space    used 2913K, capacity 3060K, committed 3072K, reserved 1048576K
Event: 9.325 GC heap after
Heap after GC invocations=5 (full 0):
 PSYoungGen      total 68608K, used 5088K [0x00000000e0000000, 0x00000000e9100000, 0x0000000100000000)
  eden space 63488K, 0% used [0x00000000e0000000,0x00000000e0000000,0x00000000e3e00000)
  from space 5120K, 99% used [0x00000000e3e00000,0x00000000e42f8050,0x00000000e4300000)
  to   space 10752K, 0% used [0x00000000e8680000,0x00000000e8680000,0x00000000e9100000)
 ParOldGen       total 84992K, used 9003K [0x00000000a0000000, 0x00000000a5300000, 0x00000000e0000000)
  object space 84992K, 10% used [0x00000000a0000000,0x00000000a08cae98,0x00000000a5300000)
 Metaspace       used 20866K, capacity 21176K, committed 21248K, reserved 1067008K
  class space    used 2913K, capacity 3060K, committed 3072K, reserved 1048576K
}
Event: 9.325 GC heap before
{Heap before GC invocations=6 (full 1):
 PSYoungGen      total 68608K, used 5088K [0x00000000e0000000, 0x00000000e9100000, 0x0000000100000000)
  eden space 63488K, 0% used [0x00000000e0000000,0x00000000e0000000,0x00000000e3e00000)
  from space 5120K, 99% used [0x00000000e3e00000,0x00000000e42f8050,0x00000000e4300000)
  to   space 10752K, 0% used [0x00000000e8680000,0x00000000e8680000,0x00000000e9100000)
 ParOldGen       total 84992K, used 9003K [0x00000000a0000000, 0x00000000a5300000, 0x00000000e0000000)
  object space 84992K, 10% used [0x00000000a0000000,0x00000000a08cae98,0x00000000a5300000)
 Metaspace       used 20866K, capacity 21176K, committed 21248K, reserved 1067008K
  class space    used 2913K, capacity 3060K, committed 3072K, reserved 1048576K
Event: 9.459 GC heap after
Heap after GC invocations=6 (full 1):
 PSYoungGen      total 68608K, used 0K [0x00000000e0000000, 0x00000000e9100000, 0x0000000100000000)
  eden space 63488K, 0% used [0x00000000e0000000,0x00000000e0000000,0x00000000e3e00000)
  from space 5120K, 0% used [0x00000000e3e00000,0x00000000e3e00000,0x00000000e4300000)
  to   space 10752K, 0% used [0x00000000e8680000,0x00000000e8680000,0x00000000e9100000)
 ParOldGen       total 62464K, used 9228K [0x00000000a0000000, 0x00000000a3d00000, 0x00000000e0000000)
  object space 62464K, 14% used [0x00000000a0000000,0x00000000a0903048,0x00000000a3d00000)
 Metaspace       used 20866K, capacity 21176K, committed 21248K, reserved 1067008K
  class space    used 2913K, capacity 3060K, committed 3072K, reserved 1048576K
}
Event: 11.806 GC heap before
{Heap before GC invocations=7 (full 1):
 PSYoungGen      total 68608K, used 63488K [0x00000000e0000000, 0x00000000e9100000, 0x0000000100000000)
  eden space 63488K, 100% used [0x00000000e0000000,0x00000000e3e00000,0x00000000e3e00000)
  from space 5120K, 0% used [0x00000000e3e00000,0x00000000e3e00000,0x00000000e4300000)
  to   space 10752K, 0% used [0x00000000e8680000,0x00000000e8680000,0x00000000e9100000)
 ParOldGen       total 62464K, used 9228K [0x00000000a0000000, 0x00000000a3d00000, 0x00000000e0000000)
  object space 62464K, 14% used [0x00000000a0000000,0x00000000a0903048,0x00000000a3d00000)
 Metaspace       used 26787K, capacity 27238K, committed 27392K, reserved 1073152K
  class space    used 3646K, capacity 3815K, committed 3840K, reserved 1048576K
Event: 11.847 GC heap after
Heap after GC invocations=7 (full 1):
 PSYoungGen      total 102912K, used 6872K [0x00000000e0000000, 0x00000000e8d80000, 0x0000000100000000)
  eden space 95744K, 0% used [0x00000000e0000000,0x00000000e0000000,0x00000000e5d80000)
  from space 7168K, 95% used [0x00000000e8680000,0x00000000e8d363f8,0x00000000e8d80000)
  to   space 10240K, 0% used [0x00000000e7980000,0x00000000e7980000,0x00000000e8380000)
 ParOldGen       total 62464K, used 9236K [0x00000000a0000000, 0x00000000a3d00000, 0x00000000e0000000)
  object space 62464K, 14% used [0x00000000a0000000,0x00000000a0905048,0x00000000a3d00000)
 Metaspace       used 26787K, capacity 27238K, committed 27392K, reserved 1073152K
  class space    used 3646K, capacity 3815K, committed 3840K, reserved 1048576K
}

